{"C:\\Users\\crgon\\Desktop\\DesafioLatam\\ProyectoFinal\\hito3\\backend\\src\\index.js": {"path":"C:\\Users\\crgon\\Desktop\\DesafioLatam\\ProyectoFinal\\hito3\\backend\\src\\index.js","statementMap":{"0":{"start":{"line":1,"column":16},"end":{"line":1,"column":34}},"1":{"start":{"line":2,"column":13},"end":{"line":2,"column":28}},"2":{"start":{"line":3,"column":15},"end":{"line":3,"column":32}},"3":{"start":{"line":4,"column":0},"end":{"line":4,"column":27}},"4":{"start":{"line":6,"column":19},"end":{"line":6,"column":49}},"5":{"start":{"line":7,"column":19},"end":{"line":7,"column":49}},"6":{"start":{"line":8,"column":22},"end":{"line":8,"column":55}},"7":{"start":{"line":9,"column":20},"end":{"line":9,"column":51}},"8":{"start":{"line":10,"column":24},"end":{"line":10,"column":59}},"9":{"start":{"line":12,"column":12},"end":{"line":12,"column":21}},"10":{"start":{"line":15,"column":0},"end":{"line":15,"column":16}},"11":{"start":{"line":16,"column":0},"end":{"line":16,"column":23}},"12":{"start":{"line":17,"column":0},"end":{"line":17,"column":24}},"13":{"start":{"line":20,"column":0},"end":{"line":20,"column":33}},"14":{"start":{"line":21,"column":0},"end":{"line":21,"column":34}},"15":{"start":{"line":22,"column":0},"end":{"line":22,"column":40}},"16":{"start":{"line":23,"column":0},"end":{"line":23,"column":36}},"17":{"start":{"line":24,"column":0},"end":{"line":24,"column":43}},"18":{"start":{"line":27,"column":0},"end":{"line":30,"column":3}},"19":{"start":{"line":28,"column":4},"end":{"line":28,"column":48}},"20":{"start":{"line":29,"column":4},"end":{"line":29,"column":66}},"21":{"start":{"line":33,"column":0},"end":{"line":35,"column":3}},"22":{"start":{"line":34,"column":4},"end":{"line":34,"column":58}},"23":{"start":{"line":37,"column":13},"end":{"line":37,"column":37}},"24":{"start":{"line":40,"column":0},"end":{"line":44,"column":1}},"25":{"start":{"line":41,"column":4},"end":{"line":43,"column":7}},"26":{"start":{"line":42,"column":8},"end":{"line":42,"column":70}},"27":{"start":{"line":46,"column":0},"end":{"line":46,"column":21}}},"fnMap":{"0":{"name":"(anonymous_0)","decl":{"start":{"line":27,"column":8},"end":{"line":27,"column":9}},"loc":{"start":{"line":27,"column":33},"end":{"line":30,"column":1}},"line":27},"1":{"name":"(anonymous_1)","decl":{"start":{"line":33,"column":8},"end":{"line":33,"column":9}},"loc":{"start":{"line":33,"column":22},"end":{"line":35,"column":1}},"line":33},"2":{"name":"(anonymous_2)","decl":{"start":{"line":41,"column":21},"end":{"line":41,"column":22}},"loc":{"start":{"line":41,"column":27},"end":{"line":43,"column":5}},"line":41}},"branchMap":{"0":{"loc":{"start":{"line":37,"column":13},"end":{"line":37,"column":37}},"type":"binary-expr","locations":[{"start":{"line":37,"column":13},"end":{"line":37,"column":29}},{"start":{"line":37,"column":33},"end":{"line":37,"column":37}}],"line":37},"1":{"loc":{"start":{"line":40,"column":0},"end":{"line":44,"column":1}},"type":"if","locations":[{"start":{"line":40,"column":0},"end":{"line":44,"column":1}},{"start":{},"end":{}}],"line":40}},"s":{"0":1,"1":1,"2":1,"3":1,"4":1,"5":1,"6":1,"7":1,"8":1,"9":1,"10":1,"11":1,"12":1,"13":1,"14":1,"15":1,"16":1,"17":1,"18":1,"19":0,"20":0,"21":1,"22":0,"23":1,"24":1,"25":0,"26":0,"27":1},"f":{"0":0,"1":0,"2":0},"b":{"0":[1,1],"1":[0,1]},"_coverageSchema":"1a1c01bbd47fc00a2c39e90264f33305004495a9","hash":"d3e0e4f1d3436aeb76da0a8270610cca5fdccd53"}
,"C:\\Users\\crgon\\Desktop\\DesafioLatam\\ProyectoFinal\\hito3\\backend\\src\\config\\db.js": {"path":"C:\\Users\\crgon\\Desktop\\DesafioLatam\\ProyectoFinal\\hito3\\backend\\src\\config\\db.js","statementMap":{"0":{"start":{"line":1,"column":17},"end":{"line":1,"column":30}},"1":{"start":{"line":2,"column":0},"end":{"line":2,"column":27}},"2":{"start":{"line":4,"column":13},"end":{"line":10,"column":2}},"3":{"start":{"line":12,"column":0},"end":{"line":12,"column":22}}},"fnMap":{},"branchMap":{},"s":{"0":1,"1":1,"2":1,"3":1},"f":{},"b":{},"_coverageSchema":"1a1c01bbd47fc00a2c39e90264f33305004495a9","hash":"a53e785b183574c310e6dbe0f5fc37229a9ae9df"}
,"C:\\Users\\crgon\\Desktop\\DesafioLatam\\ProyectoFinal\\hito3\\backend\\src\\controllers\\authController.js": {"path":"C:\\Users\\crgon\\Desktop\\DesafioLatam\\ProyectoFinal\\hito3\\backend\\src\\controllers\\authController.js","statementMap":{"0":{"start":{"line":1,"column":15},"end":{"line":1,"column":34}},"1":{"start":{"line":2,"column":12},"end":{"line":2,"column":35}},"2":{"start":{"line":3,"column":13},"end":{"line":3,"column":36}},"3":{"start":{"line":5,"column":17},"end":{"line":25,"column":1}},"4":{"start":{"line":6,"column":4},"end":{"line":24,"column":5}},"5":{"start":{"line":7,"column":45},"end":{"line":7,"column":53}},"6":{"start":{"line":10,"column":29},"end":{"line":10,"column":96}},"7":{"start":{"line":11,"column":8},"end":{"line":13,"column":9}},"8":{"start":{"line":12,"column":12},"end":{"line":12,"column":75}},"9":{"start":{"line":16,"column":31},"end":{"line":16,"column":62}},"10":{"start":{"line":17,"column":8},"end":{"line":18,"column":46}},"11":{"start":{"line":20,"column":8},"end":{"line":20,"column":74}},"12":{"start":{"line":22,"column":8},"end":{"line":22,"column":51}},"13":{"start":{"line":23,"column":8},"end":{"line":23,"column":70}},"14":{"start":{"line":27,"column":14},"end":{"line":52,"column":1}},"15":{"start":{"line":28,"column":4},"end":{"line":51,"column":5}},"16":{"start":{"line":29,"column":37},"end":{"line":29,"column":45}},"17":{"start":{"line":32,"column":23},"end":{"line":32,"column":90}},"18":{"start":{"line":33,"column":8},"end":{"line":35,"column":9}},"19":{"start":{"line":34,"column":12},"end":{"line":34,"column":79}},"20":{"start":{"line":37,"column":21},"end":{"line":37,"column":35}},"21":{"start":{"line":40,"column":24},"end":{"line":40,"column":69}},"22":{"start":{"line":41,"column":8},"end":{"line":43,"column":9}},"23":{"start":{"line":42,"column":12},"end":{"line":42,"column":79}},"24":{"start":{"line":46,"column":22},"end":{"line":46,"column":113}},"25":{"start":{"line":47,"column":8},"end":{"line":47,"column":28}},"26":{"start":{"line":49,"column":8},"end":{"line":49,"column":48}},"27":{"start":{"line":50,"column":8},"end":{"line":50,"column":70}},"28":{"start":{"line":54,"column":0},"end":{"line":54,"column":37}}},"fnMap":{"0":{"name":"(anonymous_0)","decl":{"start":{"line":5,"column":17},"end":{"line":5,"column":18}},"loc":{"start":{"line":5,"column":37},"end":{"line":25,"column":1}},"line":5},"1":{"name":"(anonymous_1)","decl":{"start":{"line":27,"column":14},"end":{"line":27,"column":15}},"loc":{"start":{"line":27,"column":34},"end":{"line":52,"column":1}},"line":27}},"branchMap":{"0":{"loc":{"start":{"line":11,"column":8},"end":{"line":13,"column":9}},"type":"if","locations":[{"start":{"line":11,"column":8},"end":{"line":13,"column":9}},{"start":{},"end":{}}],"line":11},"1":{"loc":{"start":{"line":33,"column":8},"end":{"line":35,"column":9}},"type":"if","locations":[{"start":{"line":33,"column":8},"end":{"line":35,"column":9}},{"start":{},"end":{}}],"line":33},"2":{"loc":{"start":{"line":41,"column":8},"end":{"line":43,"column":9}},"type":"if","locations":[{"start":{"line":41,"column":8},"end":{"line":43,"column":9}},{"start":{},"end":{}}],"line":41}},"s":{"0":1,"1":1,"2":1,"3":1,"4":1,"5":1,"6":1,"7":0,"8":0,"9":0,"10":0,"11":0,"12":1,"13":1,"14":1,"15":1,"16":1,"17":1,"18":0,"19":0,"20":0,"21":0,"22":0,"23":0,"24":0,"25":0,"26":1,"27":1,"28":1},"f":{"0":1,"1":1},"b":{"0":[0,0],"1":[0,0],"2":[0,0]},"_coverageSchema":"1a1c01bbd47fc00a2c39e90264f33305004495a9","hash":"14715d2484eded2a54c537c2c00b9c39cc578580"}
,"C:\\Users\\crgon\\Desktop\\DesafioLatam\\ProyectoFinal\\hito3\\backend\\src\\controllers\\orderController.js": {"path":"C:\\Users\\crgon\\Desktop\\DesafioLatam\\ProyectoFinal\\hito3\\backend\\src\\controllers\\orderController.js","statementMap":{"0":{"start":{"line":1,"column":13},"end":{"line":1,"column":36}},"1":{"start":{"line":3,"column":18},"end":{"line":12,"column":1}},"2":{"start":{"line":4,"column":4},"end":{"line":11,"column":5}},"3":{"start":{"line":5,"column":30},"end":{"line":5,"column":38}},"4":{"start":{"line":7,"column":23},"end":{"line":7,"column":98}},"5":{"start":{"line":8,"column":8},"end":{"line":8,"column":30}},"6":{"start":{"line":10,"column":8},"end":{"line":10,"column":55}},"7":{"start":{"line":14,"column":21},"end":{"line":27,"column":1}},"8":{"start":{"line":15,"column":4},"end":{"line":26,"column":5}},"9":{"start":{"line":16,"column":23},"end":{"line":16,"column":33}},"10":{"start":{"line":17,"column":30},"end":{"line":17,"column":38}},"11":{"start":{"line":19,"column":23},"end":{"line":19,"column":120}},"12":{"start":{"line":21,"column":8},"end":{"line":21,"column":103}},"13":{"start":{"line":21,"column":38},"end":{"line":21,"column":103}},"14":{"start":{"line":23,"column":8},"end":{"line":23,"column":33}},"15":{"start":{"line":25,"column":8},"end":{"line":25,"column":55}},"16":{"start":{"line":29,"column":20},"end":{"line":43,"column":1}},"17":{"start":{"line":30,"column":4},"end":{"line":42,"column":5}},"18":{"start":{"line":31,"column":30},"end":{"line":31,"column":38}},"19":{"start":{"line":32,"column":32},"end":{"line":32,"column":40}},"20":{"start":{"line":34,"column":23},"end":{"line":37,"column":9}},"21":{"start":{"line":39,"column":8},"end":{"line":39,"column":70}},"22":{"start":{"line":41,"column":8},"end":{"line":41,"column":55}},"23":{"start":{"line":45,"column":26},"end":{"line":61,"column":1}},"24":{"start":{"line":46,"column":4},"end":{"line":60,"column":5}},"25":{"start":{"line":47,"column":23},"end":{"line":47,"column":33}},"26":{"start":{"line":48,"column":27},"end":{"line":48,"column":35}},"27":{"start":{"line":50,"column":23},"end":{"line":53,"column":9}},"28":{"start":{"line":55,"column":8},"end":{"line":55,"column":103}},"29":{"start":{"line":55,"column":38},"end":{"line":55,"column":103}},"30":{"start":{"line":57,"column":8},"end":{"line":57,"column":75}},"31":{"start":{"line":59,"column":8},"end":{"line":59,"column":55}},"32":{"start":{"line":63,"column":20},"end":{"line":75,"column":1}},"33":{"start":{"line":64,"column":4},"end":{"line":74,"column":5}},"34":{"start":{"line":65,"column":23},"end":{"line":65,"column":33}},"35":{"start":{"line":67,"column":23},"end":{"line":67,"column":100}},"36":{"start":{"line":69,"column":8},"end":{"line":69,"column":103}},"37":{"start":{"line":69,"column":38},"end":{"line":69,"column":103}},"38":{"start":{"line":71,"column":8},"end":{"line":71,"column":73}},"39":{"start":{"line":73,"column":8},"end":{"line":73,"column":55}},"40":{"start":{"line":77,"column":0},"end":{"line":77,"column":90}}},"fnMap":{"0":{"name":"(anonymous_0)","decl":{"start":{"line":3,"column":18},"end":{"line":3,"column":19}},"loc":{"start":{"line":3,"column":38},"end":{"line":12,"column":1}},"line":3},"1":{"name":"(anonymous_1)","decl":{"start":{"line":14,"column":21},"end":{"line":14,"column":22}},"loc":{"start":{"line":14,"column":41},"end":{"line":27,"column":1}},"line":14},"2":{"name":"(anonymous_2)","decl":{"start":{"line":29,"column":20},"end":{"line":29,"column":21}},"loc":{"start":{"line":29,"column":40},"end":{"line":43,"column":1}},"line":29},"3":{"name":"(anonymous_3)","decl":{"start":{"line":45,"column":26},"end":{"line":45,"column":27}},"loc":{"start":{"line":45,"column":46},"end":{"line":61,"column":1}},"line":45},"4":{"name":"(anonymous_4)","decl":{"start":{"line":63,"column":20},"end":{"line":63,"column":21}},"loc":{"start":{"line":63,"column":40},"end":{"line":75,"column":1}},"line":63}},"branchMap":{"0":{"loc":{"start":{"line":21,"column":8},"end":{"line":21,"column":103}},"type":"if","locations":[{"start":{"line":21,"column":8},"end":{"line":21,"column":103}},{"start":{},"end":{}}],"line":21},"1":{"loc":{"start":{"line":55,"column":8},"end":{"line":55,"column":103}},"type":"if","locations":[{"start":{"line":55,"column":8},"end":{"line":55,"column":103}},{"start":{},"end":{}}],"line":55},"2":{"loc":{"start":{"line":69,"column":8},"end":{"line":69,"column":103}},"type":"if","locations":[{"start":{"line":69,"column":8},"end":{"line":69,"column":103}},{"start":{},"end":{}}],"line":69}},"s":{"0":1,"1":1,"2":0,"3":0,"4":0,"5":0,"6":0,"7":1,"8":0,"9":0,"10":0,"11":0,"12":0,"13":0,"14":0,"15":0,"16":1,"17":0,"18":0,"19":0,"20":0,"21":0,"22":0,"23":1,"24":0,"25":0,"26":0,"27":0,"28":0,"29":0,"30":0,"31":0,"32":1,"33":0,"34":0,"35":0,"36":0,"37":0,"38":0,"39":0,"40":1},"f":{"0":0,"1":0,"2":0,"3":0,"4":0},"b":{"0":[0,0],"1":[0,0],"2":[0,0]},"_coverageSchema":"1a1c01bbd47fc00a2c39e90264f33305004495a9","hash":"ee37db136a4c589040bcd8f02004286d207b90fc"}
,"C:\\Users\\crgon\\Desktop\\DesafioLatam\\ProyectoFinal\\hito3\\backend\\src\\controllers\\productController.js": {"path":"C:\\Users\\crgon\\Desktop\\DesafioLatam\\ProyectoFinal\\hito3\\backend\\src\\controllers\\productController.js","statementMap":{"0":{"start":{"line":1,"column":13},"end":{"line":1,"column":36}},"1":{"start":{"line":3,"column":20},"end":{"line":10,"column":1}},"2":{"start":{"line":4,"column":4},"end":{"line":9,"column":5}},"3":{"start":{"line":5,"column":23},"end":{"line":5,"column":66}},"4":{"start":{"line":6,"column":8},"end":{"line":6,"column":30}},"5":{"start":{"line":8,"column":8},"end":{"line":8,"column":55}},"6":{"start":{"line":12,"column":23},"end":{"line":23,"column":1}},"7":{"start":{"line":13,"column":4},"end":{"line":22,"column":5}},"8":{"start":{"line":14,"column":23},"end":{"line":14,"column":33}},"9":{"start":{"line":15,"column":23},"end":{"line":15,"column":94}},"10":{"start":{"line":17,"column":8},"end":{"line":17,"column":105}},"11":{"start":{"line":17,"column":38},"end":{"line":17,"column":105}},"12":{"start":{"line":19,"column":8},"end":{"line":19,"column":33}},"13":{"start":{"line":21,"column":8},"end":{"line":21,"column":55}},"14":{"start":{"line":25,"column":22},"end":{"line":38,"column":1}},"15":{"start":{"line":26,"column":4},"end":{"line":37,"column":5}},"16":{"start":{"line":27,"column":79},"end":{"line":27,"column":87}},"17":{"start":{"line":29,"column":23},"end":{"line":32,"column":9}},"18":{"start":{"line":34,"column":8},"end":{"line":34,"column":74}},"19":{"start":{"line":36,"column":8},"end":{"line":36,"column":55}},"20":{"start":{"line":40,"column":22},"end":{"line":56,"column":1}},"21":{"start":{"line":41,"column":4},"end":{"line":55,"column":5}},"22":{"start":{"line":42,"column":23},"end":{"line":42,"column":33}},"23":{"start":{"line":43,"column":55},"end":{"line":43,"column":63}},"24":{"start":{"line":45,"column":23},"end":{"line":48,"column":9}},"25":{"start":{"line":50,"column":8},"end":{"line":50,"column":105}},"26":{"start":{"line":50,"column":38},"end":{"line":50,"column":105}},"27":{"start":{"line":52,"column":8},"end":{"line":52,"column":79}},"28":{"start":{"line":54,"column":8},"end":{"line":54,"column":55}},"29":{"start":{"line":58,"column":22},"end":{"line":70,"column":1}},"30":{"start":{"line":59,"column":4},"end":{"line":69,"column":5}},"31":{"start":{"line":60,"column":23},"end":{"line":60,"column":33}},"32":{"start":{"line":62,"column":23},"end":{"line":62,"column":104}},"33":{"start":{"line":64,"column":8},"end":{"line":64,"column":105}},"34":{"start":{"line":64,"column":38},"end":{"line":64,"column":105}},"35":{"start":{"line":66,"column":8},"end":{"line":66,"column":77}},"36":{"start":{"line":68,"column":8},"end":{"line":68,"column":55}},"37":{"start":{"line":72,"column":0},"end":{"line":72,"column":94}}},"fnMap":{"0":{"name":"(anonymous_0)","decl":{"start":{"line":3,"column":20},"end":{"line":3,"column":21}},"loc":{"start":{"line":3,"column":40},"end":{"line":10,"column":1}},"line":3},"1":{"name":"(anonymous_1)","decl":{"start":{"line":12,"column":23},"end":{"line":12,"column":24}},"loc":{"start":{"line":12,"column":43},"end":{"line":23,"column":1}},"line":12},"2":{"name":"(anonymous_2)","decl":{"start":{"line":25,"column":22},"end":{"line":25,"column":23}},"loc":{"start":{"line":25,"column":42},"end":{"line":38,"column":1}},"line":25},"3":{"name":"(anonymous_3)","decl":{"start":{"line":40,"column":22},"end":{"line":40,"column":23}},"loc":{"start":{"line":40,"column":42},"end":{"line":56,"column":1}},"line":40},"4":{"name":"(anonymous_4)","decl":{"start":{"line":58,"column":22},"end":{"line":58,"column":23}},"loc":{"start":{"line":58,"column":42},"end":{"line":70,"column":1}},"line":58}},"branchMap":{"0":{"loc":{"start":{"line":17,"column":8},"end":{"line":17,"column":105}},"type":"if","locations":[{"start":{"line":17,"column":8},"end":{"line":17,"column":105}},{"start":{},"end":{}}],"line":17},"1":{"loc":{"start":{"line":50,"column":8},"end":{"line":50,"column":105}},"type":"if","locations":[{"start":{"line":50,"column":8},"end":{"line":50,"column":105}},{"start":{},"end":{}}],"line":50},"2":{"loc":{"start":{"line":64,"column":8},"end":{"line":64,"column":105}},"type":"if","locations":[{"start":{"line":64,"column":8},"end":{"line":64,"column":105}},{"start":{},"end":{}}],"line":64}},"s":{"0":1,"1":1,"2":0,"3":0,"4":0,"5":0,"6":1,"7":0,"8":0,"9":0,"10":0,"11":0,"12":0,"13":0,"14":1,"15":0,"16":0,"17":0,"18":0,"19":0,"20":1,"21":0,"22":0,"23":0,"24":0,"25":0,"26":0,"27":0,"28":0,"29":1,"30":0,"31":0,"32":0,"33":0,"34":0,"35":0,"36":0,"37":1},"f":{"0":0,"1":0,"2":0,"3":0,"4":0},"b":{"0":[0,0],"1":[0,0],"2":[0,0]},"_coverageSchema":"1a1c01bbd47fc00a2c39e90264f33305004495a9","hash":"81271439932c06b0a78c08f281f7e23857982d1e"}
,"C:\\Users\\crgon\\Desktop\\DesafioLatam\\ProyectoFinal\\hito3\\backend\\src\\middlewares\\authMiddleware.js": {"path":"C:\\Users\\crgon\\Desktop\\DesafioLatam\\ProyectoFinal\\hito3\\backend\\src\\middlewares\\authMiddleware.js","statementMap":{"0":{"start":{"line":1,"column":12},"end":{"line":1,"column":35}},"1":{"start":{"line":2,"column":0},"end":{"line":2,"column":27}},"2":{"start":{"line":4,"column":20},"end":{"line":15,"column":1}},"3":{"start":{"line":5,"column":18},"end":{"line":5,"column":45}},"4":{"start":{"line":6,"column":4},"end":{"line":6,"column":76}},"5":{"start":{"line":6,"column":16},"end":{"line":6,"column":76}},"6":{"start":{"line":8,"column":4},"end":{"line":14,"column":5}},"7":{"start":{"line":9,"column":25},"end":{"line":9,"column":66}},"8":{"start":{"line":10,"column":8},"end":{"line":10,"column":28}},"9":{"start":{"line":11,"column":8},"end":{"line":11,"column":15}},"10":{"start":{"line":13,"column":8},"end":{"line":13,"column":60}},"11":{"start":{"line":17,"column":0},"end":{"line":17,"column":29}}},"fnMap":{"0":{"name":"(anonymous_0)","decl":{"start":{"line":4,"column":20},"end":{"line":4,"column":21}},"loc":{"start":{"line":4,"column":40},"end":{"line":15,"column":1}},"line":4}},"branchMap":{"0":{"loc":{"start":{"line":6,"column":4},"end":{"line":6,"column":76}},"type":"if","locations":[{"start":{"line":6,"column":4},"end":{"line":6,"column":76}},{"start":{},"end":{}}],"line":6}},"s":{"0":1,"1":1,"2":1,"3":1,"4":1,"5":0,"6":1,"7":1,"8":0,"9":0,"10":1,"11":1},"f":{"0":1},"b":{"0":[0,1]},"_coverageSchema":"1a1c01bbd47fc00a2c39e90264f33305004495a9","hash":"3a80d322c34e851c40ad7e4a3b667f7141dfaa82"}
,"C:\\Users\\crgon\\Desktop\\DesafioLatam\\ProyectoFinal\\hito3\\backend\\src\\routes\\authRoutes.js": {"path":"C:\\Users\\crgon\\Desktop\\DesafioLatam\\ProyectoFinal\\hito3\\backend\\src\\routes\\authRoutes.js","statementMap":{"0":{"start":{"line":1,"column":16},"end":{"line":1,"column":34}},"1":{"start":{"line":2,"column":28},"end":{"line":2,"column":68}},"2":{"start":{"line":3,"column":15},"end":{"line":3,"column":31}},"3":{"start":{"line":5,"column":0},"end":{"line":5,"column":35}},"4":{"start":{"line":6,"column":0},"end":{"line":6,"column":29}},"5":{"start":{"line":8,"column":0},"end":{"line":8,"column":24}}},"fnMap":{},"branchMap":{},"s":{"0":1,"1":1,"2":1,"3":1,"4":1,"5":1},"f":{},"b":{},"_coverageSchema":"1a1c01bbd47fc00a2c39e90264f33305004495a9","hash":"8883437f0740b9787162155b462830deee1e82db"}
,"C:\\Users\\crgon\\Desktop\\DesafioLatam\\ProyectoFinal\\hito3\\backend\\src\\routes\\orderRoutes.js": {"path":"C:\\Users\\crgon\\Desktop\\DesafioLatam\\ProyectoFinal\\hito3\\backend\\src\\routes\\orderRoutes.js","statementMap":{"0":{"start":{"line":1,"column":16},"end":{"line":1,"column":34}},"1":{"start":{"line":2,"column":81},"end":{"line":2,"column":122}},"2":{"start":{"line":3,"column":20},"end":{"line":3,"column":60}},"3":{"start":{"line":5,"column":15},"end":{"line":5,"column":31}},"4":{"start":{"line":8,"column":0},"end":{"line":8,"column":40}},"5":{"start":{"line":11,"column":0},"end":{"line":11,"column":46}},"6":{"start":{"line":14,"column":0},"end":{"line":14,"column":43}},"7":{"start":{"line":17,"column":0},"end":{"line":17,"column":51}},"8":{"start":{"line":20,"column":0},"end":{"line":20,"column":48}},"9":{"start":{"line":22,"column":0},"end":{"line":22,"column":24}}},"fnMap":{},"branchMap":{},"s":{"0":1,"1":1,"2":1,"3":1,"4":1,"5":1,"6":1,"7":1,"8":1,"9":1},"f":{},"b":{},"_coverageSchema":"1a1c01bbd47fc00a2c39e90264f33305004495a9","hash":"fe298735a845971b6cbb2dffb363acb7426b401c"}
,"C:\\Users\\crgon\\Desktop\\DesafioLatam\\ProyectoFinal\\hito3\\backend\\src\\routes\\productRoutes.js": {"path":"C:\\Users\\crgon\\Desktop\\DesafioLatam\\ProyectoFinal\\hito3\\backend\\src\\routes\\productRoutes.js","statementMap":{"0":{"start":{"line":1,"column":16},"end":{"line":1,"column":34}},"1":{"start":{"line":2,"column":85},"end":{"line":2,"column":128}},"2":{"start":{"line":3,"column":20},"end":{"line":3,"column":60}},"3":{"start":{"line":5,"column":15},"end":{"line":5,"column":31}},"4":{"start":{"line":8,"column":0},"end":{"line":8,"column":29}},"5":{"start":{"line":11,"column":0},"end":{"line":11,"column":35}},"6":{"start":{"line":14,"column":0},"end":{"line":14,"column":45}},"7":{"start":{"line":17,"column":0},"end":{"line":17,"column":47}},"8":{"start":{"line":20,"column":0},"end":{"line":20,"column":50}},"9":{"start":{"line":22,"column":0},"end":{"line":22,"column":24}}},"fnMap":{},"branchMap":{},"s":{"0":1,"1":1,"2":1,"3":1,"4":1,"5":1,"6":1,"7":1,"8":1,"9":1},"f":{},"b":{},"_coverageSchema":"1a1c01bbd47fc00a2c39e90264f33305004495a9","hash":"458c164084324c467928e78ecefe7c2401a99afa"}
,"C:\\Users\\crgon\\Desktop\\DesafioLatam\\ProyectoFinal\\hito3\\backend\\src\\routes\\protectedRoutes.js": {"path":"C:\\Users\\crgon\\Desktop\\DesafioLatam\\ProyectoFinal\\hito3\\backend\\src\\routes\\protectedRoutes.js","statementMap":{"0":{"start":{"line":1,"column":16},"end":{"line":1,"column":34}},"1":{"start":{"line":2,"column":20},"end":{"line":2,"column":60}},"2":{"start":{"line":3,"column":15},"end":{"line":3,"column":31}},"3":{"start":{"line":5,"column":0},"end":{"line":7,"column":3}},"4":{"start":{"line":6,"column":4},"end":{"line":6,"column":46}},"5":{"start":{"line":9,"column":0},"end":{"line":9,"column":24}}},"fnMap":{"0":{"name":"(anonymous_0)","decl":{"start":{"line":5,"column":29},"end":{"line":5,"column":30}},"loc":{"start":{"line":5,"column":43},"end":{"line":7,"column":1}},"line":5}},"branchMap":{},"s":{"0":1,"1":1,"2":1,"3":1,"4":0,"5":1},"f":{"0":0},"b":{},"_coverageSchema":"1a1c01bbd47fc00a2c39e90264f33305004495a9","hash":"6821410dd98743ae56b9e524ae7a97ec8fd3d0fb"}
,"C:\\Users\\crgon\\Desktop\\DesafioLatam\\ProyectoFinal\\hito3\\backend\\src\\routes\\userRoutes.js": {"path":"C:\\Users\\crgon\\Desktop\\DesafioLatam\\ProyectoFinal\\hito3\\backend\\src\\routes\\userRoutes.js","statementMap":{"0":{"start":{"line":1,"column":16},"end":{"line":1,"column":34}},"1":{"start":{"line":2,"column":15},"end":{"line":2,"column":31}},"2":{"start":{"line":5,"column":0},"end":{"line":7,"column":3}},"3":{"start":{"line":6,"column":4},"end":{"line":6,"column":45}},"4":{"start":{"line":9,"column":0},"end":{"line":9,"column":24}}},"fnMap":{"0":{"name":"(anonymous_0)","decl":{"start":{"line":5,"column":16},"end":{"line":5,"column":17}},"loc":{"start":{"line":5,"column":30},"end":{"line":7,"column":1}},"line":5}},"branchMap":{},"s":{"0":1,"1":1,"2":1,"3":0,"4":1},"f":{"0":0},"b":{},"_coverageSchema":"1a1c01bbd47fc00a2c39e90264f33305004495a9","hash":"9287e87fceffad7379f75df4dfb3e7f3d5e2a44a"}
}
